[2020-12-24T04:31:26.237+0000][12446][gc] Using Concurrent Mark Sweep
[2020-12-24T04:31:26.238+0000][12446][gc,heap,coops] Heap address: 0x00000007c0000000, size: 1024 MB, Compressed Oops mode: Zero based, Oop shift amount: 3
[2020-12-24T04:31:26.342+0000][12446][safepoint    ] Safepoint "EnableBiasedLocking", Time since last: 88176398 ns, Reaching safepoint: 64070 ns, At safepoint: 69962 ns, Total: 134032 ns
[2020-12-24T04:31:26.350+0000][12446][safepoint    ] Safepoint "RevokeBias", Time since last: 7194985 ns, Reaching safepoint: 52379 ns, At safepoint: 94466 ns, Total: 146845 ns
[2020-12-24T04:31:26.366+0000][12446][safepoint    ] Safepoint "Deoptimize", Time since last: 16235004 ns, Reaching safepoint: 20961 ns, At safepoint: 24015 ns, Total: 44976 ns
[2020-12-24T04:31:26.575+0000][12446][safepoint    ] Safepoint "RevokeBias", Time since last: 209288959 ns, Reaching safepoint: 84913 ns, At safepoint: 51038 ns, Total: 135951 ns
[2020-12-24T04:31:26.599+0000][12446][safepoint    ] Safepoint "Deoptimize", Time since last: 23709313 ns, Reaching safepoint: 23718 ns, At safepoint: 58783 ns, Total: 82501 ns
[2020-12-24T04:31:26.790+0000][12446][safepoint    ] Safepoint "Deoptimize", Time since last: 191183512 ns, Reaching safepoint: 62063 ns, At safepoint: 64531 ns, Total: 126594 ns
[2020-12-24T04:31:27.633+0000][12446][safepoint    ] Safepoint "Deoptimize", Time since last: 842095689 ns, Reaching safepoint: 74630 ns, At safepoint: 84108 ns, Total: 158738 ns
[2020-12-24T04:31:27.702+0000][12446][safepoint    ] Safepoint "Deoptimize", Time since last: 68680147 ns, Reaching safepoint: 58855 ns, At safepoint: 142643 ns, Total: 201498 ns
[2020-12-24T04:31:27.719+0000][12446][safepoint    ] Safepoint "Deoptimize", Time since last: 17240411 ns, Reaching safepoint: 58410 ns, At safepoint: 137197 ns, Total: 195607 ns
[2020-12-24T04:31:27.930+0000][12446][safepoint    ] Safepoint "Deoptimize", Time since last: 210416381 ns, Reaching safepoint: 44364 ns, At safepoint: 122606 ns, Total: 166970 ns
[2020-12-24T04:31:28.881+0000][12446][safepoint    ] Safepoint "Deoptimize", Time since last: 951372209 ns, Reaching safepoint: 193921 ns, At safepoint: 244540 ns, Total: 438461 ns
[2020-12-24T04:31:29.013+0000][12446][safepoint    ] Safepoint "Deoptimize", Time since last: 131668423 ns, Reaching safepoint: 52280 ns, At safepoint: 174137 ns, Total: 226417 ns
[2020-12-24T04:31:29.591+0000][12446][safepoint    ] Safepoint "Deoptimize", Time since last: 577256595 ns, Reaching safepoint: 129855 ns, At safepoint: 202287 ns, Total: 332142 ns
[2020-12-24T04:31:29.591+0000][12446][safepoint    ] Safepoint "Deoptimize", Time since last: 215539 ns, Reaching safepoint: 39017 ns, At safepoint: 138908 ns, Total: 177925 ns
[2020-12-24T04:31:29.902+0000][12446][safepoint    ] Safepoint "Deoptimize", Time since last: 310865423 ns, Reaching safepoint: 37459 ns, At safepoint: 161517 ns, Total: 198976 ns
[2020-12-24T04:31:29.909+0000][12446][safepoint    ] Safepoint "Deoptimize", Time since last: 6690324 ns, Reaching safepoint: 22380 ns, At safepoint: 192818 ns, Total: 215198 ns
[2020-12-24T04:31:29.931+0000][12446][safepoint    ] Safepoint "Deoptimize", Time since last: 21091670 ns, Reaching safepoint: 73096 ns, At safepoint: 159383 ns, Total: 232479 ns
[2020-12-24T04:31:30.728+0000][12446][safepoint    ] Safepoint "Deoptimize", Time since last: 796879496 ns, Reaching safepoint: 135992 ns, At safepoint: 381128 ns, Total: 517120 ns
[2020-12-24T04:31:30.753+0000][12446][safepoint    ] Safepoint "RevokeBias", Time since last: 24635119 ns, Reaching safepoint: 32821 ns, At safepoint: 9602 ns, Total: 42423 ns
[2020-12-24T04:31:30.753+0000][12446][safepoint    ] Safepoint "RevokeBias", Time since last: 142778 ns, Reaching safepoint: 15322 ns, At safepoint: 6382 ns, Total: 21704 ns
[2020-12-24T04:31:30.753+0000][12446][safepoint    ] Safepoint "RevokeBias", Time since last: 181662 ns, Reaching safepoint: 9211 ns, At safepoint: 4251 ns, Total: 13462 ns
[2020-12-24T04:31:30.753+0000][12446][safepoint    ] Safepoint "RevokeBias", Time since last: 64269 ns, Reaching safepoint: 10548 ns, At safepoint: 4615 ns, Total: 15163 ns
[2020-12-24T04:31:30.755+0000][12446][safepoint    ] Safepoint "RevokeBias", Time since last: 1402622 ns, Reaching safepoint: 90922 ns, At safepoint: 8063 ns, Total: 98985 ns
[2020-12-24T04:31:30.755+0000][12446][safepoint    ] Safepoint "RevokeBias", Time since last: 119874 ns, Reaching safepoint: 23494 ns, At safepoint: 6275 ns, Total: 29769 ns
[2020-12-24T04:31:30.757+0000][12446][safepoint    ] Safepoint "RevokeBias", Time since last: 1611769 ns, Reaching safepoint: 21711 ns, At safepoint: 7444 ns, Total: 29155 ns
[2020-12-24T04:31:30.757+0000][12446][safepoint    ] Safepoint "RevokeBias", Time since last: 233928 ns, Reaching safepoint: 14584 ns, At safepoint: 4751 ns, Total: 19335 ns
[2020-12-24T04:31:30.758+0000][12446][safepoint    ] Safepoint "RevokeBias", Time since last: 1137207 ns, Reaching safepoint: 20077 ns, At safepoint: 6491 ns, Total: 26568 ns
[2020-12-24T04:31:30.758+0000][12446][safepoint    ] Safepoint "RevokeBias", Time since last: 528433 ns, Reaching safepoint: 17795 ns, At safepoint: 6407 ns, Total: 24202 ns
[2020-12-24T04:31:30.759+0000][12446][safepoint    ] Safepoint "RevokeBias", Time since last: 112792 ns, Reaching safepoint: 13820 ns, At safepoint: 6638 ns, Total: 20458 ns
[2020-12-24T04:31:30.759+0000][12446][safepoint    ] Safepoint "RevokeBias", Time since last: 77742 ns, Reaching safepoint: 10481 ns, At safepoint: 4161 ns, Total: 14642 ns
[2020-12-24T04:31:30.759+0000][12446][safepoint    ] Safepoint "RevokeBias", Time since last: 459573 ns, Reaching safepoint: 56836 ns, At safepoint: 6316 ns, Total: 63152 ns
[2020-12-24T04:31:30.763+0000][12446][safepoint    ] Safepoint "RevokeBias", Time since last: 321616 ns, Reaching safepoint: 214356 ns, At safepoint: 3230363 ns, Total: 3444719 ns
[2020-12-24T04:31:30.764+0000][12446][safepoint    ] Safepoint "RevokeBias", Time since last: 79044 ns, Reaching safepoint: 79997 ns, At safepoint: 439679 ns, Total: 519676 ns
[2020-12-24T04:31:30.764+0000][12446][safepoint    ] Safepoint "RevokeBias", Time since last: 71675 ns, Reaching safepoint: 24039 ns, At safepoint: 180849 ns, Total: 204888 ns
[2020-12-24T04:31:30.764+0000][12446][safepoint    ] Safepoint "RevokeBias", Time since last: 107070 ns, Reaching safepoint: 46992 ns, At safepoint: 45380 ns, Total: 92372 ns
[2020-12-24T04:31:30.764+0000][12446][safepoint    ] Safepoint "RevokeBias", Time since last: 72252 ns, Reaching safepoint: 44846 ns, At safepoint: 39537 ns, Total: 84383 ns
[2020-12-24T04:31:30.764+0000][12446][safepoint    ] Safepoint "RevokeBias", Time since last: 80267 ns, Reaching safepoint: 42289 ns, At safepoint: 42155 ns, Total: 84444 ns
[2020-12-24T04:31:30.765+0000][12446][safepoint    ] Safepoint "RevokeBias", Time since last: 171314 ns, Reaching safepoint: 37872 ns, At safepoint: 12368 ns, Total: 50240 ns
[2020-12-24T04:31:30.765+0000][12446][safepoint    ] Safepoint "RevokeBias", Time since last: 587693 ns, Reaching safepoint: 25803 ns, At safepoint: 7780 ns, Total: 33583 ns
[2020-12-24T04:31:30.766+0000][12446][safepoint    ] Safepoint "RevokeBias", Time since last: 610035 ns, Reaching safepoint: 22209 ns, At safepoint: 7596 ns, Total: 29805 ns
[2020-12-24T04:31:30.767+0000][12446][safepoint    ] Safepoint "RevokeBias", Time since last: 690215 ns, Reaching safepoint: 48113 ns, At safepoint: 238152 ns, Total: 286265 ns
[2020-12-24T04:31:30.768+0000][12446][safepoint    ] Safepoint "RevokeBias", Time since last: 638303 ns, Reaching safepoint: 20953 ns, At safepoint: 7161 ns, Total: 28114 ns
[2020-12-24T04:31:30.768+0000][12446][safepoint    ] Safepoint "RevokeBias", Time since last: 78230 ns, Reaching safepoint: 64748 ns, At safepoint: 32748 ns, Total: 97496 ns
[2020-12-24T04:31:30.769+0000][12446][safepoint    ] Safepoint "RevokeBias", Time since last: 768957 ns, Reaching safepoint: 15870 ns, At safepoint: 5913 ns, Total: 21783 ns
[2020-12-24T04:31:30.769+0000][12446][safepoint    ] Safepoint "RevokeBias", Time since last: 485059 ns, Reaching safepoint: 11860 ns, At safepoint: 5600 ns, Total: 17460 ns
[2020-12-24T04:31:30.769+0000][12446][safepoint    ] Safepoint "RevokeBias", Time since last: 56091 ns, Reaching safepoint: 7991 ns, At safepoint: 3860 ns, Total: 11851 ns
[2020-12-24T04:31:30.770+0000][12446][safepoint    ] Safepoint "RevokeBias", Time since last: 748429 ns, Reaching safepoint: 19503 ns, At safepoint: 13840 ns, Total: 33343 ns
[2020-12-24T04:31:30.771+0000][12446][gc,heap,exit ] Heap
[2020-12-24T04:31:30.771+0000][12446][gc,heap,exit ]  par new generation   total 306688K, used 109137K [0x00000007c0000000, 0x00000007d4cc0000, 0x00000007d4cc0000)
[2020-12-24T04:31:30.771+0000][12446][gc,heap,exit ]   eden space 272640K,  40% used [0x00000007c0000000, 0x00000007c6a947d0, 0x00000007d0a40000)
[2020-12-24T04:31:30.771+0000][12446][gc,heap,exit ]   from space 34048K,   0% used [0x00000007d0a40000, 0x00000007d0a40000, 0x00000007d2b80000)
[2020-12-24T04:31:30.771+0000][12446][gc,heap,exit ]   to   space 34048K,   0% used [0x00000007d2b80000, 0x00000007d2b80000, 0x00000007d4cc0000)
[2020-12-24T04:31:30.771+0000][12446][gc,heap,exit ]  concurrent mark-sweep generation total 707840K, used 0K [0x00000007d4cc0000, 0x0000000800000000, 0x0000000800000000)
[2020-12-24T04:31:30.771+0000][12446][gc,heap,exit ]  Metaspace       used 14174K, capacity 14660K, committed 14976K, reserved 1062912K
[2020-12-24T04:31:30.771+0000][12446][gc,heap,exit ]   class space    used 1690K, capacity 1902K, committed 1920K, reserved 1048576K
